[2024-07-10 14:21:54,854] {taskinstance.py:1159} INFO - Dependencies all met for <TaskInstance: create_layers_in_snowflake.create_seeds manual__2024-07-10T14:21:53.673341+00:00 [queued]>
[2024-07-10 14:21:54,865] {taskinstance.py:1159} INFO - Dependencies all met for <TaskInstance: create_layers_in_snowflake.create_seeds manual__2024-07-10T14:21:53.673341+00:00 [queued]>
[2024-07-10 14:21:54,865] {taskinstance.py:1356} INFO - 
--------------------------------------------------------------------------------
[2024-07-10 14:21:54,866] {taskinstance.py:1357} INFO - Starting attempt 1 of 1
[2024-07-10 14:21:54,866] {taskinstance.py:1358} INFO - 
--------------------------------------------------------------------------------
[2024-07-10 14:21:54,883] {taskinstance.py:1377} INFO - Executing <Task(DockerOperator): create_seeds> on 2024-07-10 14:21:53.673341+00:00
[2024-07-10 14:21:54,886] {standard_task_runner.py:52} INFO - Started process 1999 to run task
[2024-07-10 14:21:54,890] {standard_task_runner.py:79} INFO - Running: ['***', 'tasks', 'run', 'create_layers_in_snowflake', 'create_seeds', 'manual__2024-07-10T14:21:53.673341+00:00', '--job-id', '20', '--raw', '--subdir', 'DAGS_FOLDER/create_layers.py', '--cfg-path', '/tmp/tmpc9ol76p5', '--error-file', '/tmp/tmp0ndk34fo']
[2024-07-10 14:21:54,890] {standard_task_runner.py:80} INFO - Job 20: Subtask create_seeds
[2024-07-10 14:21:54,945] {task_command.py:369} INFO - Running <TaskInstance: create_layers_in_snowflake.create_seeds manual__2024-07-10T14:21:53.673341+00:00 [running]> on host bc9f9d1e47b7
[2024-07-10 14:21:55,023] {taskinstance.py:1571} INFO - Exporting the following env vars:
AIRFLOW_CTX_DAG_OWNER=***
AIRFLOW_CTX_DAG_ID=create_layers_in_snowflake
AIRFLOW_CTX_TASK_ID=create_seeds
AIRFLOW_CTX_EXECUTION_DATE=2024-07-10T14:21:53.673341+00:00
AIRFLOW_CTX_TRY_NUMBER=1
AIRFLOW_CTX_DAG_RUN_ID=manual__2024-07-10T14:21:53.673341+00:00
[2024-07-10 14:21:55,045] {docker.py:247} INFO - Starting docker container from image custom_dbt_image
[2024-07-10 14:21:55,163] {docker.py:308} INFO - 1
[2024-07-10 14:21:57,211] {docker.py:308} INFO - [0m14:21:57  Running with dbt=1.5.0
[2024-07-10 14:21:57,212] {docker.py:308} INFO - [0m14:21:57  dbt version: 1.5.0
[2024-07-10 14:21:57,213] {docker.py:308} INFO - [0m14:21:57  python version: 3.7.3
[2024-07-10 14:21:57,236] {docker.py:308} INFO - [0m14:21:57  python path: /usr/bin/python3
[2024-07-10 14:21:57,237] {docker.py:308} INFO - [0m14:21:57  os info: Linux-6.6.31-linuxkit-x86_64-with-debian-10.13
[2024-07-10 14:21:57,237] {docker.py:308} INFO - [0m14:21:57  Using profiles.yml file at /usr/app/dbtlearn/profiles.yml
[2024-07-10 14:21:57,238] {docker.py:308} INFO - [0m14:21:57  Using dbt_project.yml file at /usr/app/dbtlearn/dbt_project.yml
[2024-07-10 14:21:57,238] {docker.py:308} INFO - [0m14:21:57  Configuration:
[2024-07-10 14:21:57,468] {docker.py:308} INFO - [0m14:21:57    profiles.yml file [[32mOK found and valid[0m]
[2024-07-10 14:21:57,495] {docker.py:308} INFO - [0m14:21:57    dbt_project.yml file [[32mOK found and valid[0m]
[2024-07-10 14:21:57,495] {docker.py:308} INFO - [0m14:21:57  Required dependencies:
[2024-07-10 14:21:57,501] {docker.py:308} INFO - [0m14:21:57   - git [[32mOK found[0m]
[2024-07-10 14:21:57,502] {docker.py:308} INFO - [0m14:21:57  Connection:
[2024-07-10 14:21:57,502] {docker.py:308} INFO - [0m14:21:57    account: tsb24868.us-east-1
[2024-07-10 14:21:57,503] {docker.py:308} INFO - [0m14:21:57    user: dbt
[2024-07-10 14:21:57,503] {docker.py:308} INFO - [0m14:21:57    database: AIRBNB
[2024-07-10 14:21:57,504] {docker.py:308} INFO - [0m14:21:57    schema: DEV
[2024-07-10 14:21:57,504] {docker.py:308} INFO - [0m14:21:57    warehouse: COMPUTE_WH
[2024-07-10 14:21:57,505] {docker.py:308} INFO - [0m14:21:57    role: transform
[2024-07-10 14:21:57,505] {docker.py:308} INFO - [0m14:21:57    client_session_keep_alive: False
[2024-07-10 14:21:57,506] {docker.py:308} INFO - [0m14:21:57    query_tag: None
[2024-07-10 14:21:58,631] {docker.py:308} INFO - [0m14:21:58    Connection test: [[32mOK connection ok[0m]
[2024-07-10 14:21:58,632] {docker.py:308} INFO - [0m14:21:58  [32mAll checks passed![0m
[2024-07-10 14:21:58,974] {docker.py:308} INFO - 2
[2024-07-10 14:21:58,975] {docker.py:308} INFO - # Name your project! Project names should contain only lowercase characters
# and underscores. A good package name should reflect your organization's
# name or the intended use of these models
name: 'dbtlearn'
version: '1.0.0'
config-version: 2

# This setting configures which "profile" dbt uses for this project.
profile: 'dbtlearn'

# These configurations specify where dbt should look for different types of files.
# The `model-paths` config, for example, states that models in this project can be
# found in the "models/" directory. You probably won't need to change these!
model-paths: ["models"]
analysis-paths: ["analyses"]
test-paths: ["tests"]
seed-paths: ["seeds"]
macro-paths: ["macros"]
snapshot-paths: ["snapshots"]
asset-paths : ["assets"]
clean-targets:         # directories to be removed by `dbt clean`
  - "target"
  - "dbt_packages"


# Configuring models
# Full documentation: https://docs.getdbt.com/docs/configuring-models

# In this example config, we tell dbt to build all models in the example/
# directory as views. These settings can be overridden in the individual model
# files using the `{{ config(...) }}` macro.
models:
  dbtlearn:
    +materialized: view
    business_layer:
      +materialized: table
3
[2024-07-10 14:21:58,977] {docker.py:308} INFO - total 4
-rw-r--r-- 1 root root 3007 Jul 10 00:27 full_moon_dates.csv
[2024-07-10 14:21:58,979] {docker.py:308} INFO - full_moon_date
2009-01-11
2009-02-09
2009-03-11
2009-04-09
2009-05-09
2009-06-07
2009-07-07
2009-08-06
2009-09-04
2009-10-04
2009-11-02
2009-12-02
2009-12-31
2010-01-30
2010-02-28
2010-03-30
2010-04-28
2010-05-28
2010-06-26
2010-07-26
2010-08-24
2010-09-23
2010-10-23
2010-11-21
2010-12-21
2011-01-19
2011-02-18
2011-03-19
2011-04-18
2011-05-17
2011-06-15
2011-07-15
2011-08-13
2011-09-12
2011-10-12
2011-11-10
2011-12-10
2012-01-09
2012-02-07
2012-03-08
2012-04-06
2012-05-06
2012-06-04
2012-07-03
2012-08-02
2012-08-31
2012-09-30
2012-10-29
2012-11-28
2012-12-28
2013-01-27
2013-02-25
2013-03-27
2013-04-25
2013-05-25
2013-06-23
2013-07-22
2013-08-21
2013-09-19
2013-10-19
2013-11-17
2013-12-17
2014-01-16
2014-02-15
2014-03-16
2014-04-15
2014-05-14
2014-06-13
2014-07-12
2014-08-10
2014-09-09
2014-10-08
2014-11-06
2014-12-06
2015-01-05
2015-02-04
2015-03-05
2015-04-04
2015-05-04
2015-06-02
2015-07-02
2015-07-31
2015-08-29
2015-09-28
2015-10-27
2015-11-25
2015-12-25
2016-01-24
2016-02-22
2016-03-23
2016-04-22
2016-05-21
2016-06-20
2016-07-20
2016-08-18
2016-09-16
2016-10-16
2016-11-14
2016-12-14
2017-01-12
2017-02-11
2017-03-12
2017-04-11
2017-05-10
2017-06-09
2017-07-09
2017-08-07
2017-09-06
2017-10-05
2017-11-04
2017-12-03
2018-01-02
2018-01-31
2018-03-02
2018-03-31
2018-04-30
2018-05-29
2018-06-28
2018-07-27
2018-08-26
2018-09-25
2018-10-24
2018-11-23
2018-12-22
2019-01-21
2019-02-19
2019-03-21
2019-04-19
2019-05-18
2019-06-17
2019-07-16
2019-08-15
2019-09-14
2019-10-13
2019-11-12
2019-12-12
2020-01-10
2020-02-09
2020-03-09
2020-04-08
2020-05-07
2020-06-05
2020-07-05
2020-08-03
2020-09-02
2020-10-01
2020-10-31
2020-11-30
2020-12-30
2021-01-28
2021-02-27
2021-03-28
2021-04-27
2021-05-26
2021-06-24
2021-07-24
2021-08-22
2021-09-21
2021-10-20
2021-11-19
2021-12-19
2022-01-18
2022-02-16
2022-03-18
2022-04-16
2022-05-16
2022-06-14
2022-07-13
2022-08-12
2022-09-10
2022-10-09
2022-11-08
2022-12-08
2023-01-07
2023-02-05
2023-03-07
2023-04-06
2023-05-05
2023-06-04
2023-07-03
2023-08-01
2023-08-31
2023-09-29
2023-10-28
2023-11-27
2023-12-27
2024-01-25
2024-02-24
2024-03-25
2024-04-24
2024-05-23
2024-06-22
2024-07-21
2024-08-19
2024-09-18
2024-10-17
2024-11-15
2024-12-15
2025-01-13
2025-02-12
2025-03-14
2025-04-13
2025-05-12
2025-06-11
2025-07-10
2025-08-09
2025-09-07
2025-10-07
2025-11-05
2025-12-05
2026-01-03
2026-02-01
2026-03-03
2026-04-02
2026-05-01
2026-05-31
2026-06-30
2026-07-29
2026-08-28
2026-09-26
2026-10-26
2026-11-24
2026-12-24
2027-01-22
2027-02-21
2027-03-22
2027-04-21
2027-05-20
2027-06-19
2027-07-18
2027-08-17
2027-09-16
2027-10-15
2027-11-14
2027-12-13
2028-01-12
2028-02-10
2028-03-11
2028-04-09
2028-05-08
2028-06-07
2028-07-06
2028-08-05
2028-09-04
2028-10-03
2028-11-02
2028-12-02
2028-12-31
2029-01-30
2029-02-28
2029-03-30
2029-04-28
2029-05-27
2029-06-26
2029-07-25
2029-08-24
2029-09-22
2029-10-22
2029-11-21
2029-12-20
2030-01-19
2030-02-18
2030-03-19
2030-04-18
2030-05-17
2030-06-15
2030-07-15
2030-08-13
2030-09-11
2030-10-11
2030-11-10
2030-12-09
[2024-07-10 14:21:59,064] {taskinstance.py:1400} INFO - Marking task as SUCCESS. dag_id=create_layers_in_snowflake, task_id=create_seeds, execution_date=20240710T142153, start_date=20240710T142154, end_date=20240710T142159
[2024-07-10 14:21:59,114] {local_task_job.py:156} INFO - Task exited with return code 0
[2024-07-10 14:21:59,158] {local_task_job.py:273} INFO - 0 downstream tasks scheduled from follow-on schedule check
