[2024-07-10 00:19:23,633] {taskinstance.py:1159} INFO - Dependencies all met for <TaskInstance: create_layers_in_snowflake.create_seeds manual__2024-07-10T00:19:22.381516+00:00 [queued]>
[2024-07-10 00:19:23,644] {taskinstance.py:1159} INFO - Dependencies all met for <TaskInstance: create_layers_in_snowflake.create_seeds manual__2024-07-10T00:19:22.381516+00:00 [queued]>
[2024-07-10 00:19:23,644] {taskinstance.py:1356} INFO - 
--------------------------------------------------------------------------------
[2024-07-10 00:19:23,645] {taskinstance.py:1357} INFO - Starting attempt 1 of 1
[2024-07-10 00:19:23,645] {taskinstance.py:1358} INFO - 
--------------------------------------------------------------------------------
[2024-07-10 00:19:23,658] {taskinstance.py:1377} INFO - Executing <Task(DockerOperator): create_seeds> on 2024-07-10 00:19:22.381516+00:00
[2024-07-10 00:19:23,661] {standard_task_runner.py:52} INFO - Started process 2765 to run task
[2024-07-10 00:19:23,665] {standard_task_runner.py:79} INFO - Running: ['***', 'tasks', 'run', 'create_layers_in_snowflake', 'create_seeds', 'manual__2024-07-10T00:19:22.381516+00:00', '--job-id', '32', '--raw', '--subdir', 'DAGS_FOLDER/create_layers.py', '--cfg-path', '/tmp/tmpypp4dk2d', '--error-file', '/tmp/tmpwep0l0hs']
[2024-07-10 00:19:23,665] {standard_task_runner.py:80} INFO - Job 32: Subtask create_seeds
[2024-07-10 00:19:23,721] {task_command.py:369} INFO - Running <TaskInstance: create_layers_in_snowflake.create_seeds manual__2024-07-10T00:19:22.381516+00:00 [running]> on host a22086a40575
[2024-07-10 00:19:23,794] {taskinstance.py:1571} INFO - Exporting the following env vars:
AIRFLOW_CTX_DAG_OWNER=***
AIRFLOW_CTX_DAG_ID=create_layers_in_snowflake
AIRFLOW_CTX_TASK_ID=create_seeds
AIRFLOW_CTX_EXECUTION_DATE=2024-07-10T00:19:22.381516+00:00
AIRFLOW_CTX_TRY_NUMBER=1
AIRFLOW_CTX_DAG_RUN_ID=manual__2024-07-10T00:19:22.381516+00:00
[2024-07-10 00:19:23,815] {docker.py:247} INFO - Starting docker container from image custom_dbt_image
[2024-07-10 00:19:23,937] {docker.py:308} INFO - app
bin
games
include
lib
local
sbin
share
src
[2024-07-10 00:19:23,938] {docker.py:308} INFO - bin
boot
dev
etc
home
lib
lib64
media
mnt
opt
proc
root
run
sbin
srv
sys
tmp
usr
var
[2024-07-10 00:19:23,939] {docker.py:308} INFO - bin
boot
dev
etc
home
lib
lib64
media
mnt
opt
proc
root
run
sbin
srv
sys
tmp
usr
var
[2024-07-10 00:19:24,011] {taskinstance.py:1400} INFO - Marking task as SUCCESS. dag_id=create_layers_in_snowflake, task_id=create_seeds, execution_date=20240710T001922, start_date=20240710T001923, end_date=20240710T001924
[2024-07-10 00:19:24,049] {local_task_job.py:156} INFO - Task exited with return code 0
[2024-07-10 00:19:24,086] {local_task_job.py:273} INFO - 0 downstream tasks scheduled from follow-on schedule check
