[2024-07-10 01:06:26,524] {taskinstance.py:1159} INFO - Dependencies all met for <TaskInstance: create_layers_in_snowflake.check_seeds manual__2024-07-10T01:06:25.945655+00:00 [queued]>
[2024-07-10 01:06:26,534] {taskinstance.py:1159} INFO - Dependencies all met for <TaskInstance: create_layers_in_snowflake.check_seeds manual__2024-07-10T01:06:25.945655+00:00 [queued]>
[2024-07-10 01:06:26,534] {taskinstance.py:1356} INFO - 
--------------------------------------------------------------------------------
[2024-07-10 01:06:26,535] {taskinstance.py:1357} INFO - Starting attempt 1 of 1
[2024-07-10 01:06:26,535] {taskinstance.py:1358} INFO - 
--------------------------------------------------------------------------------
[2024-07-10 01:06:26,548] {taskinstance.py:1377} INFO - Executing <Task(DockerOperator): check_seeds> on 2024-07-10 01:06:25.945655+00:00
[2024-07-10 01:06:26,552] {standard_task_runner.py:52} INFO - Started process 1875 to run task
[2024-07-10 01:06:26,555] {standard_task_runner.py:79} INFO - Running: ['***', 'tasks', 'run', 'create_layers_in_snowflake', 'check_seeds', 'manual__2024-07-10T01:06:25.945655+00:00', '--job-id', '15', '--raw', '--subdir', 'DAGS_FOLDER/create_layers.py', '--cfg-path', '/tmp/tmp9oref6m_', '--error-file', '/tmp/tmp7nrywj1t']
[2024-07-10 01:06:26,556] {standard_task_runner.py:80} INFO - Job 15: Subtask check_seeds
[2024-07-10 01:06:26,612] {task_command.py:369} INFO - Running <TaskInstance: create_layers_in_snowflake.check_seeds manual__2024-07-10T01:06:25.945655+00:00 [running]> on host 9ba3cd856d5b
[2024-07-10 01:06:26,690] {taskinstance.py:1571} INFO - Exporting the following env vars:
AIRFLOW_CTX_DAG_OWNER=***
AIRFLOW_CTX_DAG_ID=create_layers_in_snowflake
AIRFLOW_CTX_TASK_ID=check_seeds
AIRFLOW_CTX_EXECUTION_DATE=2024-07-10T01:06:25.945655+00:00
AIRFLOW_CTX_TRY_NUMBER=1
AIRFLOW_CTX_DAG_RUN_ID=manual__2024-07-10T01:06:25.945655+00:00
[2024-07-10 01:06:26,713] {docker.py:247} INFO - Starting docker container from image custom_dbt_image
[2024-07-10 01:06:28,526] {docker.py:308} INFO - [0m01:06:28  Running with dbt=1.5.0
[2024-07-10 01:06:28,527] {docker.py:308} INFO - [0m01:06:28  [OpenCommand]: Unable to parse dict {'open_cmd': 'xdg-open', 'profiles_dir': PosixPath('/usr/app')}
[2024-07-10 01:06:28,528] {docker.py:308} INFO - [0m01:06:28  To view your profiles.yml file, run:
[2024-07-10 01:06:28,874] {taskinstance.py:1400} INFO - Marking task as SUCCESS. dag_id=create_layers_in_snowflake, task_id=check_seeds, execution_date=20240710T010625, start_date=20240710T010626, end_date=20240710T010628
[2024-07-10 01:06:28,921] {local_task_job.py:156} INFO - Task exited with return code 0
[2024-07-10 01:06:28,951] {local_task_job.py:273} INFO - 0 downstream tasks scheduled from follow-on schedule check
