[2024-07-10 00:29:17,730] {taskinstance.py:1159} INFO - Dependencies all met for <TaskInstance: create_layers_in_snowflake.create_seeds manual__2024-07-10T00:29:16.347372+00:00 [queued]>
[2024-07-10 00:29:17,740] {taskinstance.py:1159} INFO - Dependencies all met for <TaskInstance: create_layers_in_snowflake.create_seeds manual__2024-07-10T00:29:16.347372+00:00 [queued]>
[2024-07-10 00:29:17,741] {taskinstance.py:1356} INFO - 
--------------------------------------------------------------------------------
[2024-07-10 00:29:17,741] {taskinstance.py:1357} INFO - Starting attempt 1 of 1
[2024-07-10 00:29:17,742] {taskinstance.py:1358} INFO - 
--------------------------------------------------------------------------------
[2024-07-10 00:29:17,754] {taskinstance.py:1377} INFO - Executing <Task(DockerOperator): create_seeds> on 2024-07-10 00:29:16.347372+00:00
[2024-07-10 00:29:17,758] {standard_task_runner.py:52} INFO - Started process 118 to run task
[2024-07-10 00:29:17,761] {standard_task_runner.py:79} INFO - Running: ['***', 'tasks', 'run', 'create_layers_in_snowflake', 'create_seeds', 'manual__2024-07-10T00:29:16.347372+00:00', '--job-id', '2', '--raw', '--subdir', 'DAGS_FOLDER/create_layers.py', '--cfg-path', '/tmp/tmpklt0i2a8', '--error-file', '/tmp/tmpllgsp59u']
[2024-07-10 00:29:17,762] {standard_task_runner.py:80} INFO - Job 2: Subtask create_seeds
[2024-07-10 00:29:17,815] {task_command.py:369} INFO - Running <TaskInstance: create_layers_in_snowflake.create_seeds manual__2024-07-10T00:29:16.347372+00:00 [running]> on host 9ba3cd856d5b
[2024-07-10 00:29:17,886] {taskinstance.py:1571} INFO - Exporting the following env vars:
AIRFLOW_CTX_DAG_OWNER=***
AIRFLOW_CTX_DAG_ID=create_layers_in_snowflake
AIRFLOW_CTX_TASK_ID=create_seeds
AIRFLOW_CTX_EXECUTION_DATE=2024-07-10T00:29:16.347372+00:00
AIRFLOW_CTX_TRY_NUMBER=1
AIRFLOW_CTX_DAG_RUN_ID=manual__2024-07-10T00:29:16.347372+00:00
[2024-07-10 00:29:17,908] {docker.py:247} INFO - Starting docker container from image custom_dbt_image
[2024-07-10 00:29:18,026] {docker.py:308} INFO - 1
[2024-07-10 00:29:18,027] {docker.py:308} INFO - README.md
dbt_packages
dbt_project.yml
logs
macros
models
profiles.yml
requirements.txt
seeds
snapshots
target
tests
[2024-07-10 00:29:18,028] {docker.py:308} INFO - 2
[2024-07-10 00:29:18,029] {docker.py:308} INFO - app
bin
games
include
lib
local
sbin
share
src
[2024-07-10 00:29:18,030] {docker.py:308} INFO - 3
[2024-07-10 00:29:18,031] {docker.py:308} INFO - bin
boot
dev
etc
home
lib
lib64
media
mnt
opt
proc
root
run
sbin
srv
sys
tmp
usr
var
[2024-07-10 00:29:18,032] {docker.py:308} INFO - 4
[2024-07-10 00:29:18,032] {docker.py:308} INFO - bin
boot
dev
etc
home
lib
lib64
media
mnt
opt
proc
root
run
sbin
srv
sys
tmp
usr
var
[2024-07-10 00:29:18,114] {taskinstance.py:1400} INFO - Marking task as SUCCESS. dag_id=create_layers_in_snowflake, task_id=create_seeds, execution_date=20240710T002916, start_date=20240710T002917, end_date=20240710T002918
[2024-07-10 00:29:18,147] {local_task_job.py:156} INFO - Task exited with return code 0
[2024-07-10 00:29:18,179] {local_task_job.py:273} INFO - 0 downstream tasks scheduled from follow-on schedule check
