[2024-07-09 23:59:13,823] {taskinstance.py:1159} INFO - Dependencies all met for <TaskInstance: create_layers_in_snowflake.create_seeds manual__2024-07-09T23:59:13.261808+00:00 [queued]>
[2024-07-09 23:59:13,833] {taskinstance.py:1159} INFO - Dependencies all met for <TaskInstance: create_layers_in_snowflake.create_seeds manual__2024-07-09T23:59:13.261808+00:00 [queued]>
[2024-07-09 23:59:13,833] {taskinstance.py:1356} INFO - 
--------------------------------------------------------------------------------
[2024-07-09 23:59:13,834] {taskinstance.py:1357} INFO - Starting attempt 1 of 1
[2024-07-09 23:59:13,834] {taskinstance.py:1358} INFO - 
--------------------------------------------------------------------------------
[2024-07-09 23:59:13,847] {taskinstance.py:1377} INFO - Executing <Task(DockerOperator): create_seeds> on 2024-07-09 23:59:13.261808+00:00
[2024-07-09 23:59:13,851] {standard_task_runner.py:52} INFO - Started process 1795 to run task
[2024-07-09 23:59:13,854] {standard_task_runner.py:79} INFO - Running: ['***', 'tasks', 'run', 'create_layers_in_snowflake', 'create_seeds', 'manual__2024-07-09T23:59:13.261808+00:00', '--job-id', '23', '--raw', '--subdir', 'DAGS_FOLDER/create_layers.py', '--cfg-path', '/tmp/tmp_vtfq6gh', '--error-file', '/tmp/tmp_w6yoxdl']
[2024-07-09 23:59:13,855] {standard_task_runner.py:80} INFO - Job 23: Subtask create_seeds
[2024-07-09 23:59:13,912] {task_command.py:369} INFO - Running <TaskInstance: create_layers_in_snowflake.create_seeds manual__2024-07-09T23:59:13.261808+00:00 [running]> on host a22086a40575
[2024-07-09 23:59:14,019] {taskinstance.py:1571} INFO - Exporting the following env vars:
AIRFLOW_CTX_DAG_OWNER=***
AIRFLOW_CTX_DAG_ID=create_layers_in_snowflake
AIRFLOW_CTX_TASK_ID=create_seeds
AIRFLOW_CTX_EXECUTION_DATE=2024-07-09T23:59:13.261808+00:00
AIRFLOW_CTX_TRY_NUMBER=1
AIRFLOW_CTX_DAG_RUN_ID=manual__2024-07-09T23:59:13.261808+00:00
[2024-07-09 23:59:14,043] {docker.py:247} INFO - Starting docker container from image custom_dbt_image
[2024-07-09 23:59:14,173] {docker.py:308} INFO - requirements.txt
[2024-07-09 23:59:14,247] {taskinstance.py:1400} INFO - Marking task as SUCCESS. dag_id=create_layers_in_snowflake, task_id=create_seeds, execution_date=20240709T235913, start_date=20240709T235913, end_date=20240709T235914
[2024-07-09 23:59:14,280] {local_task_job.py:156} INFO - Task exited with return code 0
[2024-07-09 23:59:14,311] {local_task_job.py:273} INFO - 0 downstream tasks scheduled from follow-on schedule check
