[2024-07-10 00:39:55,238] {taskinstance.py:1159} INFO - Dependencies all met for <TaskInstance: create_layers_in_snowflake.check_seeds manual__2024-07-10T00:39:54.763374+00:00 [queued]>
[2024-07-10 00:39:55,248] {taskinstance.py:1159} INFO - Dependencies all met for <TaskInstance: create_layers_in_snowflake.check_seeds manual__2024-07-10T00:39:54.763374+00:00 [queued]>
[2024-07-10 00:39:55,248] {taskinstance.py:1356} INFO - 
--------------------------------------------------------------------------------
[2024-07-10 00:39:55,249] {taskinstance.py:1357} INFO - Starting attempt 1 of 1
[2024-07-10 00:39:55,249] {taskinstance.py:1358} INFO - 
--------------------------------------------------------------------------------
[2024-07-10 00:39:55,262] {taskinstance.py:1377} INFO - Executing <Task(DockerOperator): check_seeds> on 2024-07-10 00:39:54.763374+00:00
[2024-07-10 00:39:55,266] {standard_task_runner.py:52} INFO - Started process 619 to run task
[2024-07-10 00:39:55,269] {standard_task_runner.py:79} INFO - Running: ['***', 'tasks', 'run', 'create_layers_in_snowflake', 'check_seeds', 'manual__2024-07-10T00:39:54.763374+00:00', '--job-id', '6', '--raw', '--subdir', 'DAGS_FOLDER/create_layers.py', '--cfg-path', '/tmp/tmptyqmaz7r', '--error-file', '/tmp/tmpe7aywsxp']
[2024-07-10 00:39:55,270] {standard_task_runner.py:80} INFO - Job 6: Subtask check_seeds
[2024-07-10 00:39:55,326] {task_command.py:369} INFO - Running <TaskInstance: create_layers_in_snowflake.check_seeds manual__2024-07-10T00:39:54.763374+00:00 [running]> on host 9ba3cd856d5b
[2024-07-10 00:39:55,397] {taskinstance.py:1571} INFO - Exporting the following env vars:
AIRFLOW_CTX_DAG_OWNER=***
AIRFLOW_CTX_DAG_ID=create_layers_in_snowflake
AIRFLOW_CTX_TASK_ID=check_seeds
AIRFLOW_CTX_EXECUTION_DATE=2024-07-10T00:39:54.763374+00:00
AIRFLOW_CTX_TRY_NUMBER=1
AIRFLOW_CTX_DAG_RUN_ID=manual__2024-07-10T00:39:54.763374+00:00
[2024-07-10 00:39:55,418] {docker.py:247} INFO - Starting docker container from image custom_dbt_image
[2024-07-10 00:39:55,522] {docker.py:308} INFO - full_moon_dates.csv
[2024-07-10 00:39:55,624] {taskinstance.py:1400} INFO - Marking task as SUCCESS. dag_id=create_layers_in_snowflake, task_id=check_seeds, execution_date=20240710T003954, start_date=20240710T003955, end_date=20240710T003955
[2024-07-10 00:39:55,654] {local_task_job.py:156} INFO - Task exited with return code 0
[2024-07-10 00:39:55,702] {local_task_job.py:273} INFO - 1 downstream tasks scheduled from follow-on schedule check
