[2024-07-10 00:39:23,054] {taskinstance.py:1159} INFO - Dependencies all met for <TaskInstance: create_layers_in_snowflake.check_seeds manual__2024-07-10T00:39:22.253613+00:00 [queued]>
[2024-07-10 00:39:23,065] {taskinstance.py:1159} INFO - Dependencies all met for <TaskInstance: create_layers_in_snowflake.check_seeds manual__2024-07-10T00:39:22.253613+00:00 [queued]>
[2024-07-10 00:39:23,065] {taskinstance.py:1356} INFO - 
--------------------------------------------------------------------------------
[2024-07-10 00:39:23,066] {taskinstance.py:1357} INFO - Starting attempt 1 of 1
[2024-07-10 00:39:23,066] {taskinstance.py:1358} INFO - 
--------------------------------------------------------------------------------
[2024-07-10 00:39:23,080] {taskinstance.py:1377} INFO - Executing <Task(DockerOperator): check_seeds> on 2024-07-10 00:39:22.253613+00:00
[2024-07-10 00:39:23,085] {standard_task_runner.py:52} INFO - Started process 589 to run task
[2024-07-10 00:39:23,089] {standard_task_runner.py:79} INFO - Running: ['***', 'tasks', 'run', 'create_layers_in_snowflake', 'check_seeds', 'manual__2024-07-10T00:39:22.253613+00:00', '--job-id', '4', '--raw', '--subdir', 'DAGS_FOLDER/create_layers.py', '--cfg-path', '/tmp/tmpzaegvaks', '--error-file', '/tmp/tmpno6vtou5']
[2024-07-10 00:39:23,090] {standard_task_runner.py:80} INFO - Job 4: Subtask check_seeds
[2024-07-10 00:39:23,148] {task_command.py:369} INFO - Running <TaskInstance: create_layers_in_snowflake.check_seeds manual__2024-07-10T00:39:22.253613+00:00 [running]> on host 9ba3cd856d5b
[2024-07-10 00:39:23,222] {taskinstance.py:1571} INFO - Exporting the following env vars:
AIRFLOW_CTX_DAG_OWNER=***
AIRFLOW_CTX_DAG_ID=create_layers_in_snowflake
AIRFLOW_CTX_TASK_ID=check_seeds
AIRFLOW_CTX_EXECUTION_DATE=2024-07-10T00:39:22.253613+00:00
AIRFLOW_CTX_TRY_NUMBER=1
AIRFLOW_CTX_DAG_RUN_ID=manual__2024-07-10T00:39:22.253613+00:00
[2024-07-10 00:39:23,247] {docker.py:247} INFO - Starting docker container from image custom_dbt_image
[2024-07-10 00:39:23,362] {docker.py:308} INFO - full_moon_dates.csv
[2024-07-10 00:39:23,441] {taskinstance.py:1400} INFO - Marking task as SUCCESS. dag_id=create_layers_in_snowflake, task_id=check_seeds, execution_date=20240710T003922, start_date=20240710T003923, end_date=20240710T003923
[2024-07-10 00:39:23,476] {local_task_job.py:156} INFO - Task exited with return code 0
[2024-07-10 00:39:23,524] {local_task_job.py:273} INFO - 1 downstream tasks scheduled from follow-on schedule check
