[2024-07-10 13:50:46,687] {taskinstance.py:1159} INFO - Dependencies all met for <TaskInstance: create_layers_in_snowflake.create_seeds manual__2024-07-10T13:50:46.314196+00:00 [queued]>
[2024-07-10 13:50:46,697] {taskinstance.py:1159} INFO - Dependencies all met for <TaskInstance: create_layers_in_snowflake.create_seeds manual__2024-07-10T13:50:46.314196+00:00 [queued]>
[2024-07-10 13:50:46,698] {taskinstance.py:1356} INFO - 
--------------------------------------------------------------------------------
[2024-07-10 13:50:46,698] {taskinstance.py:1357} INFO - Starting attempt 1 of 1
[2024-07-10 13:50:46,698] {taskinstance.py:1358} INFO - 
--------------------------------------------------------------------------------
[2024-07-10 13:50:46,713] {taskinstance.py:1377} INFO - Executing <Task(DockerOperator): create_seeds> on 2024-07-10 13:50:46.314196+00:00
[2024-07-10 13:50:46,717] {standard_task_runner.py:52} INFO - Started process 512 to run task
[2024-07-10 13:50:46,720] {standard_task_runner.py:79} INFO - Running: ['***', 'tasks', 'run', 'create_layers_in_snowflake', 'create_seeds', 'manual__2024-07-10T13:50:46.314196+00:00', '--job-id', '6', '--raw', '--subdir', 'DAGS_FOLDER/create_layers.py', '--cfg-path', '/tmp/tmp08yh1gnv', '--error-file', '/tmp/tmp5mkl004c']
[2024-07-10 13:50:46,721] {standard_task_runner.py:80} INFO - Job 6: Subtask create_seeds
[2024-07-10 13:50:46,777] {task_command.py:369} INFO - Running <TaskInstance: create_layers_in_snowflake.create_seeds manual__2024-07-10T13:50:46.314196+00:00 [running]> on host bc9f9d1e47b7
[2024-07-10 13:50:46,855] {taskinstance.py:1571} INFO - Exporting the following env vars:
AIRFLOW_CTX_DAG_OWNER=***
AIRFLOW_CTX_DAG_ID=create_layers_in_snowflake
AIRFLOW_CTX_TASK_ID=create_seeds
AIRFLOW_CTX_EXECUTION_DATE=2024-07-10T13:50:46.314196+00:00
AIRFLOW_CTX_TRY_NUMBER=1
AIRFLOW_CTX_DAG_RUN_ID=manual__2024-07-10T13:50:46.314196+00:00
[2024-07-10 13:50:46,879] {docker.py:247} INFO - Starting docker container from image custom_dbt_image
[2024-07-10 13:50:47,038] {docker.py:308} INFO - 1
[2024-07-10 13:50:47,126] {taskinstance.py:1400} INFO - Marking task as SUCCESS. dag_id=create_layers_in_snowflake, task_id=create_seeds, execution_date=20240710T135046, start_date=20240710T135046, end_date=20240710T135047
[2024-07-10 13:50:47,158] {local_task_job.py:156} INFO - Task exited with return code 0
[2024-07-10 13:50:47,202] {local_task_job.py:273} INFO - 1 downstream tasks scheduled from follow-on schedule check
